<?xml version="1.0" encoding="UTF-8"?>
<testng-results skipped="0" failed="0" ignored="0" total="1" passed="1">
  <reporter-output>
  </reporter-output>
  <suite name="Default suite" duration-ms="22310" started-at="2019-10-12T10:28:19Z" finished-at="2019-10-12T10:28:41Z">
    <groups>
    </groups>
    <test name="Default test" duration-ms="22310" started-at="2019-10-12T10:28:19Z" finished-at="2019-10-12T10:28:41Z">
      <class name="AcmeTestCase.TestCase_001">
        <test-method status="PASS" signature="acme()[pri:0, instance:AcmeTestCase.TestCase_001@598067a5]" name="acme" duration-ms="22246" started-at="2019-10-12T10:28:19Z" finished-at="2019-10-12T10:28:41Z">
          <reporter-output>
          </reporter-output>
        </test-method> <!-- acme -->
      </class> <!-- AcmeTestCase.TestCase_001 -->
    </test> <!-- Default test -->
  </suite> <!-- Default suite -->
</testng-results>
